<?xml version="1.0" encoding="UTF-8"?>
<coverage generated="1676505150005" clover="3.2.0">
  <project timestamp="1676505150005" name="All files">
    <metrics statements="66" coveredstatements="28" conditionals="24" coveredconditionals="2" methods="14" coveredmethods="5" elements="104" coveredelements="35" complexity="0" loc="66" ncloc="66" packages="3" files="5" classes="5"/>
    <package name="components.Box">
      <metrics statements="5" coveredstatements="3" conditionals="6" coveredconditionals="1" methods="2" coveredmethods="1"/>
      <file name="Box.tsx" path="/Users/leidyyohanarodriguezfuentes/Desktop/react-practice/react-tic-tac-toe/src/components/Box/Box.tsx">
        <metrics statements="4" coveredstatements="2" conditionals="6" coveredconditionals="1" methods="2" coveredmethods="1"/>
        <line num="4" count="1" type="stmt"/>
        <line num="5" count="18" type="stmt"/>
        <line num="7" count="0" type="cond" truecount="0" falsecount="4"/>
        <line num="8" count="0" type="stmt"/>
      </file>
      <file name="styles.ts" path="/Users/leidyyohanarodriguezfuentes/Desktop/react-practice/react-tic-tac-toe/src/components/Box/styles.ts">
        <metrics statements="1" coveredstatements="1" conditionals="0" coveredconditionals="0" methods="0" coveredmethods="0"/>
        <line num="3" count="1" type="stmt"/>
      </file>
    </package>
    <package name="components.TablePlay">
      <metrics statements="33" coveredstatements="17" conditionals="4" coveredconditionals="0" methods="6" coveredmethods="3"/>
      <file name="styles.ts" path="/Users/leidyyohanarodriguezfuentes/Desktop/react-practice/react-tic-tac-toe/src/components/TablePlay/styles.ts">
        <metrics statements="7" coveredstatements="7" conditionals="0" coveredconditionals="0" methods="0" coveredmethods="0"/>
        <line num="4" count="1" type="stmt"/>
        <line num="7" count="1" type="stmt"/>
        <line num="10" count="1" type="stmt"/>
        <line num="16" count="1" type="stmt"/>
        <line num="22" count="1" type="stmt"/>
        <line num="27" count="1" type="stmt"/>
        <line num="33" count="1" type="stmt"/>
      </file>
      <file name="TablePlay.tsx" path="/Users/leidyyohanarodriguezfuentes/Desktop/react-practice/react-tic-tac-toe/src/components/TablePlay/TablePlay.tsx">
        <metrics statements="26" coveredstatements="10" conditionals="4" coveredconditionals="0" methods="6" coveredmethods="3"/>
        <line num="13" count="1" type="stmt"/>
        <line num="14" count="2" type="stmt"/>
        <line num="19" count="2" type="stmt"/>
        <line num="20" count="2" type="stmt"/>
        <line num="21" count="2" type="stmt"/>
        <line num="23" count="2" type="stmt"/>
        <line num="24" count="0" type="stmt"/>
        <line num="25" count="0" type="cond" truecount="0" falsecount="2"/>
        <line num="26" count="0" type="stmt"/>
        <line num="27" count="0" type="stmt"/>
        <line num="29" count="0" type="stmt"/>
        <line num="30" count="0" type="stmt"/>
        <line num="32" count="0" type="stmt"/>
        <line num="33" count="0" type="stmt"/>
        <line num="34" count="0" type="stmt"/>
        <line num="35" count="0" type="cond" truecount="0" falsecount="2"/>
        <line num="36" count="0" type="stmt"/>
        <line num="37" count="0" type="stmt"/>
        <line num="38" count="0" type="stmt"/>
        <line num="43" count="2" type="stmt"/>
        <line num="44" count="0" type="stmt"/>
        <line num="45" count="0" type="stmt"/>
        <line num="46" count="0" type="stmt"/>
        <line num="49" count="2" type="stmt"/>
        <line num="62" count="6" type="stmt"/>
        <line num="65" count="18" type="stmt"/>
      </file>
    </package>
    <package name="constants">
      <metrics statements="28" coveredstatements="8" conditionals="14" coveredconditionals="1" methods="6" coveredmethods="1"/>
      <file name="constants.ts" path="/Users/leidyyohanarodriguezfuentes/Desktop/react-practice/react-tic-tac-toe/src/constants/constants.ts">
        <metrics statements="28" coveredstatements="8" conditionals="14" coveredconditionals="1" methods="6" coveredmethods="1"/>
        <line num="1" count="1" type="stmt"/>
        <line num="12" count="1" type="stmt"/>
        <line num="21" count="1" type="stmt"/>
        <line num="60" count="1" type="stmt"/>
        <line num="61" count="2" type="stmt"/>
        <line num="62" count="2" type="cond" truecount="1" falsecount="1"/>
        <line num="65" count="1" type="stmt"/>
        <line num="66" count="0" type="stmt"/>
        <line num="69" count="1" type="stmt"/>
        <line num="70" count="0" type="stmt"/>
        <line num="71" count="0" type="stmt"/>
        <line num="72" count="0" type="stmt"/>
        <line num="74" count="0" type="stmt"/>
        <line num="75" count="0" type="stmt"/>
        <line num="76" count="0" type="stmt"/>
        <line num="77" count="0" type="cond" truecount="0" falsecount="4"/>
        <line num="78" count="0" type="stmt"/>
        <line num="80" count="0" type="cond" truecount="0" falsecount="2"/>
        <line num="81" count="0" type="stmt"/>
        <line num="82" count="0" type="stmt"/>
        <line num="84" count="0" type="cond" truecount="0" falsecount="4"/>
        <line num="85" count="0" type="stmt"/>
        <line num="87" count="0" type="cond" truecount="0" falsecount="2"/>
        <line num="88" count="0" type="stmt"/>
        <line num="89" count="0" type="stmt"/>
        <line num="93" count="0" type="stmt"/>
        <line num="94" count="0" type="stmt"/>
        <line num="96" count="0" type="stmt"/>
      </file>
    </package>
  </project>
</coverage>
