{"/Users/leidyyohanarodriguezfuentes/Desktop/react-practice/react-tic-tac-toe/src/components/Box/Box.tsx": {"path":"/Users/leidyyohanarodriguezfuentes/Desktop/react-practice/react-tic-tac-toe/src/components/Box/Box.tsx","statementMap":{"0":{"start":{"line":4,"column":32},"end":{"line":19,"column":1}},"1":{"start":{"line":5,"column":4},"end":{"line":18,"column":5}},"2":{"start":{"line":7,"column":12},"end":{"line":9,"column":13}},"3":{"start":{"line":8,"column":16},"end":{"line":8,"column":36}}},"fnMap":{"0":{"name":"(anonymous_0)","decl":{"start":{"line":4,"column":32},"end":{"line":4,"column":33}},"loc":{"start":{"line":4,"column":88},"end":{"line":19,"column":1}},"line":4},"1":{"name":"(anonymous_1)","decl":{"start":{"line":6,"column":25},"end":{"line":6,"column":26}},"loc":{"start":{"line":6,"column":29},"end":{"line":10,"column":9}},"line":6}},"branchMap":{"0":{"loc":{"start":{"line":7,"column":12},"end":{"line":9,"column":13}},"type":"if","locations":[{"start":{"line":7,"column":12},"end":{"line":9,"column":13}},{"start":{},"end":{}}],"line":7},"1":{"loc":{"start":{"line":7,"column":15},"end":{"line":7,"column":55}},"type":"binary-expr","locations":[{"start":{"line":7,"column":15},"end":{"line":7,"column":38}},{"start":{"line":7,"column":42},"end":{"line":7,"column":55}}],"line":7},"2":{"loc":{"start":{"line":12,"column":16},"end":{"line":15,"column":25}},"type":"binary-expr","locations":[{"start":{"line":12,"column":17},"end":{"line":12,"column":39}},{"start":{"line":13,"column":16},"end":{"line":15,"column":25}}],"line":12}},"s":{"0":1,"1":18,"2":0,"3":0},"f":{"0":18,"1":0},"b":{"0":[0,0],"1":[0,0],"2":[18,0]},"_coverageSchema":"1a1c01bbd47fc00a2c39e90264f33305004495a9","hash":"fe585eea1ca7eca2cee511add0872fa6c30849d3"}
,"/Users/leidyyohanarodriguezfuentes/Desktop/react-practice/react-tic-tac-toe/src/components/Box/styles.ts": {"path":"/Users/leidyyohanarodriguezfuentes/Desktop/react-practice/react-tic-tac-toe/src/components/Box/styles.ts","statementMap":{"0":{"start":{"line":3,"column":22},"end":{"line":9,"column":1}}},"fnMap":{},"branchMap":{},"s":{"0":1},"f":{},"b":{},"_coverageSchema":"1a1c01bbd47fc00a2c39e90264f33305004495a9","hash":"149b5b5ed0981f01c280dfd1ec5aa2da48533395"}
,"/Users/leidyyohanarodriguezfuentes/Desktop/react-practice/react-tic-tac-toe/src/components/TablePlay/styles.ts": {"path":"/Users/leidyyohanarodriguezfuentes/Desktop/react-practice/react-tic-tac-toe/src/components/TablePlay/styles.ts","statementMap":{"0":{"start":{"line":4,"column":21},"end":{"line":6,"column":1}},"1":{"start":{"line":7,"column":20},"end":{"line":9,"column":1}},"2":{"start":{"line":10,"column":27},"end":{"line":15,"column":1}},"3":{"start":{"line":16,"column":33},"end":{"line":21,"column":1}},"4":{"start":{"line":22,"column":28},"end":{"line":26,"column":1}},"5":{"start":{"line":27,"column":32},"end":{"line":32,"column":1}},"6":{"start":{"line":33,"column":30},"end":{"line":37,"column":1}}},"fnMap":{},"branchMap":{},"s":{"0":1,"1":1,"2":1,"3":1,"4":1,"5":1,"6":1},"f":{},"b":{},"_coverageSchema":"1a1c01bbd47fc00a2c39e90264f33305004495a9","hash":"7a097e799b4d9821f21c9728c352afb02966d7aa"}
,"/Users/leidyyohanarodriguezfuentes/Desktop/react-practice/react-tic-tac-toe/src/components/TablePlay/tablePlay.tsx": {"path":"/Users/leidyyohanarodriguezfuentes/Desktop/react-practice/react-tic-tac-toe/src/components/TablePlay/tablePlay.tsx","statementMap":{"0":{"start":{"line":13,"column":39},"end":{"line":85,"column":1}},"1":{"start":{"line":14,"column":30},"end":{"line":18,"column":6}},"2":{"start":{"line":19,"column":28},"end":{"line":19,"column":40}},"3":{"start":{"line":20,"column":30},"end":{"line":20,"column":68}},"4":{"start":{"line":21,"column":44},"end":{"line":21,"column":59}},"5":{"start":{"line":23,"column":21},"end":{"line":41,"column":5}},"6":{"start":{"line":24,"column":8},"end":{"line":24,"column":41}},"7":{"start":{"line":25,"column":8},"end":{"line":31,"column":9}},"8":{"start":{"line":26,"column":12},"end":{"line":26,"column":29}},"9":{"start":{"line":27,"column":12},"end":{"line":27,"column":44}},"10":{"start":{"line":29,"column":12},"end":{"line":29,"column":29}},"11":{"start":{"line":30,"column":12},"end":{"line":30,"column":44}},"12":{"start":{"line":32,"column":8},"end":{"line":32,"column":24}},"13":{"start":{"line":33,"column":8},"end":{"line":33,"column":63}},"14":{"start":{"line":34,"column":25},"end":{"line":34,"column":51}},"15":{"start":{"line":35,"column":8},"end":{"line":40,"column":9}},"16":{"start":{"line":36,"column":12},"end":{"line":39,"column":19}},"17":{"start":{"line":37,"column":16},"end":{"line":37,"column":70}},"18":{"start":{"line":38,"column":16},"end":{"line":38,"column":38}},"19":{"start":{"line":43,"column":23},"end":{"line":47,"column":5}},"20":{"start":{"line":44,"column":8},"end":{"line":44,"column":23}},"21":{"start":{"line":45,"column":8},"end":{"line":45,"column":47}},"22":{"start":{"line":46,"column":8},"end":{"line":46,"column":31}},"23":{"start":{"line":49,"column":4},"end":{"line":84,"column":5}},"24":{"start":{"line":62,"column":24},"end":{"line":75,"column":31}},"25":{"start":{"line":65,"column":36},"end":{"line":72,"column":42}}},"fnMap":{"0":{"name":"(anonymous_0)","decl":{"start":{"line":13,"column":39},"end":{"line":13,"column":40}},"loc":{"start":{"line":13,"column":44},"end":{"line":85,"column":1}},"line":13},"1":{"name":"(anonymous_1)","decl":{"start":{"line":23,"column":21},"end":{"line":23,"column":22}},"loc":{"start":{"line":23,"column":42},"end":{"line":41,"column":5}},"line":23},"2":{"name":"(anonymous_2)","decl":{"start":{"line":36,"column":23},"end":{"line":36,"column":24}},"loc":{"start":{"line":36,"column":27},"end":{"line":39,"column":13}},"line":36},"3":{"name":"(anonymous_3)","decl":{"start":{"line":43,"column":23},"end":{"line":43,"column":24}},"loc":{"start":{"line":43,"column":27},"end":{"line":47,"column":5}},"line":43},"4":{"name":"(anonymous_4)","decl":{"start":{"line":61,"column":30},"end":{"line":61,"column":31}},"loc":{"start":{"line":62,"column":24},"end":{"line":75,"column":31}},"line":62},"5":{"name":"(anonymous_5)","decl":{"start":{"line":64,"column":41},"end":{"line":64,"column":42}},"loc":{"start":{"line":65,"column":36},"end":{"line":72,"column":42}},"line":65}},"branchMap":{"0":{"loc":{"start":{"line":25,"column":8},"end":{"line":31,"column":9}},"type":"if","locations":[{"start":{"line":25,"column":8},"end":{"line":31,"column":9}},{"start":{"line":28,"column":13},"end":{"line":31,"column":9}}],"line":25},"1":{"loc":{"start":{"line":35,"column":8},"end":{"line":40,"column":9}},"type":"if","locations":[{"start":{"line":35,"column":8},"end":{"line":40,"column":9}},{"start":{},"end":{}}],"line":35}},"s":{"0":1,"1":2,"2":2,"3":2,"4":2,"5":2,"6":0,"7":0,"8":0,"9":0,"10":0,"11":0,"12":0,"13":0,"14":0,"15":0,"16":0,"17":0,"18":0,"19":2,"20":0,"21":0,"22":0,"23":2,"24":6,"25":18},"f":{"0":2,"1":0,"2":0,"3":0,"4":6,"5":18},"b":{"0":[0,0],"1":[0,0]},"_coverageSchema":"1a1c01bbd47fc00a2c39e90264f33305004495a9","hash":"998af410ebed1a4d66644ec8faff1d0e4d7624c4"}
,"/Users/leidyyohanarodriguezfuentes/Desktop/react-practice/react-tic-tac-toe/src/constants/constants.ts": {"path":"/Users/leidyyohanarodriguezfuentes/Desktop/react-practice/react-tic-tac-toe/src/constants/constants.ts","statementMap":{"0":{"start":{"line":1,"column":28},"end":{"line":10,"column":1}},"1":{"start":{"line":12,"column":21},"end":{"line":15,"column":1}},"2":{"start":{"line":21,"column":26},"end":{"line":58,"column":1}},"3":{"start":{"line":60,"column":42},"end":{"line":63,"column":1}},"4":{"start":{"line":61,"column":15},"end":{"line":61,"column":46}},"5":{"start":{"line":62,"column":1},"end":{"line":62,"column":46}},"6":{"start":{"line":65,"column":28},"end":{"line":67,"column":1}},"7":{"start":{"line":66,"column":1},"end":{"line":66,"column":61}},"8":{"start":{"line":69,"column":35},"end":{"line":97,"column":1}},"9":{"start":{"line":70,"column":14},"end":{"line":70,"column":15}},"10":{"start":{"line":71,"column":14},"end":{"line":71,"column":15}},"11":{"start":{"line":72,"column":16},"end":{"line":72,"column":18}},"12":{"start":{"line":74,"column":1},"end":{"line":95,"column":4}},"13":{"start":{"line":75,"column":2},"end":{"line":92,"column":5}},"14":{"start":{"line":76,"column":3},"end":{"line":91,"column":6}},"15":{"start":{"line":77,"column":4},"end":{"line":79,"column":5}},"16":{"start":{"line":78,"column":5},"end":{"line":78,"column":14}},"17":{"start":{"line":80,"column":4},"end":{"line":83,"column":5}},"18":{"start":{"line":81,"column":5},"end":{"line":81,"column":27}},"19":{"start":{"line":82,"column":5},"end":{"line":82,"column":15}},"20":{"start":{"line":84,"column":4},"end":{"line":86,"column":5}},"21":{"start":{"line":85,"column":5},"end":{"line":85,"column":14}},"22":{"start":{"line":87,"column":4},"end":{"line":90,"column":5}},"23":{"start":{"line":88,"column":5},"end":{"line":88,"column":27}},"24":{"start":{"line":89,"column":5},"end":{"line":89,"column":14}},"25":{"start":{"line":93,"column":2},"end":{"line":93,"column":11}},"26":{"start":{"line":94,"column":2},"end":{"line":94,"column":11}},"27":{"start":{"line":96,"column":1},"end":{"line":96,"column":17}}},"fnMap":{"0":{"name":"(anonymous_0)","decl":{"start":{"line":60,"column":42},"end":{"line":60,"column":43}},"loc":{"start":{"line":60,"column":60},"end":{"line":63,"column":1}},"line":60},"1":{"name":"(anonymous_1)","decl":{"start":{"line":65,"column":28},"end":{"line":65,"column":29}},"loc":{"start":{"line":65,"column":32},"end":{"line":67,"column":1}},"line":65},"2":{"name":"(anonymous_2)","decl":{"start":{"line":69,"column":35},"end":{"line":69,"column":36}},"loc":{"start":{"line":69,"column":59},"end":{"line":97,"column":1}},"line":69},"3":{"name":"(anonymous_3)","decl":{"start":{"line":74,"column":22},"end":{"line":74,"column":23}},"loc":{"start":{"line":74,"column":44},"end":{"line":95,"column":2}},"line":74},"4":{"name":"(anonymous_4)","decl":{"start":{"line":75,"column":16},"end":{"line":75,"column":17}},"loc":{"start":{"line":75,"column":26},"end":{"line":92,"column":3}},"line":75},"5":{"name":"(anonymous_5)","decl":{"start":{"line":76,"column":17},"end":{"line":76,"column":18}},"loc":{"start":{"line":76,"column":31},"end":{"line":91,"column":4}},"line":76}},"branchMap":{"0":{"loc":{"start":{"line":62,"column":8},"end":{"line":62,"column":45}},"type":"cond-expr","locations":[{"start":{"line":62,"column":16},"end":{"line":62,"column":33}},{"start":{"line":62,"column":35},"end":{"line":62,"column":45}}],"line":62},"1":{"loc":{"start":{"line":77,"column":4},"end":{"line":79,"column":5}},"type":"if","locations":[{"start":{"line":77,"column":4},"end":{"line":79,"column":5}},{"start":{},"end":{}}],"line":77},"2":{"loc":{"start":{"line":77,"column":7},"end":{"line":77,"column":49}},"type":"binary-expr","locations":[{"start":{"line":77,"column":7},"end":{"line":77,"column":25}},{"start":{"line":77,"column":29},"end":{"line":77,"column":49}}],"line":77},"3":{"loc":{"start":{"line":80,"column":4},"end":{"line":83,"column":5}},"type":"if","locations":[{"start":{"line":80,"column":4},"end":{"line":83,"column":5}},{"start":{},"end":{}}],"line":80},"4":{"loc":{"start":{"line":84,"column":4},"end":{"line":86,"column":5}},"type":"if","locations":[{"start":{"line":84,"column":4},"end":{"line":86,"column":5}},{"start":{},"end":{}}],"line":84},"5":{"loc":{"start":{"line":84,"column":7},"end":{"line":84,"column":49}},"type":"binary-expr","locations":[{"start":{"line":84,"column":7},"end":{"line":84,"column":25}},{"start":{"line":84,"column":29},"end":{"line":84,"column":49}}],"line":84},"6":{"loc":{"start":{"line":87,"column":4},"end":{"line":90,"column":5}},"type":"if","locations":[{"start":{"line":87,"column":4},"end":{"line":90,"column":5}},{"start":{},"end":{}}],"line":87}},"s":{"0":1,"1":1,"2":1,"3":1,"4":2,"5":2,"6":1,"7":0,"8":1,"9":0,"10":0,"11":0,"12":0,"13":0,"14":0,"15":0,"16":0,"17":0,"18":0,"19":0,"20":0,"21":0,"22":0,"23":0,"24":0,"25":0,"26":0,"27":0},"f":{"0":2,"1":0,"2":0,"3":0,"4":0,"5":0},"b":{"0":[0,2],"1":[0,0],"2":[0,0],"3":[0,0],"4":[0,0],"5":[0,0],"6":[0,0]},"_coverageSchema":"1a1c01bbd47fc00a2c39e90264f33305004495a9","hash":"394afc0a96102d6669cded17af4ee259f6059ee8"}
}
